[GIN-debug] [WARNING] Running in "debug" mode. Switch to "release" mode in production.
 - using env:	export GIN_MODE=release
 - using code:	gin.SetMode(gin.ReleaseMode)

[GIN-debug] Loaded HTML Templates (4): 
	- index.html
	- 
	- footer.html
	- header.html

[GIN-debug] GET    /api/videos               --> main.main.func1 (4 handlers)
[GIN-debug] POST   /api/videos               --> main.main.func2 (4 handlers)
[GIN-debug] GET    /view/videos              --> github.com/polonkoevv/goGin/controller.VideoController.ShowAll-fm (4 handlers)
[GIN-debug] [WARNING] You trusted all proxies, this is NOT safe. We recommend you to set a value.
Please check https://pkg.go.dev/github.com/gin-gonic/gin#readme-don-t-trust-all-proxies for details.
[GIN-debug] Listening and serving HTTP on :8080
::1 -- [02 Jul 23 10:09 MSK] POST /api/videos 200 1.8261ms
::1 -- [02 Jul 23 10:09 MSK] POST /api/videos 200 1.0511ms
::1 -- [02 Jul 23 10:09 MSK] POST /api/videos 200 871.5µs
127.0.0.1 -- [02 Jul 23 10:09 MSK] GET /view/videos 200 2.0541ms
::1 -- [02 Jul 23 10:10 MSK] GET /view/videos 401 0s
::1 -- [02 Jul 23 10:10 MSK] GET /view/videos 200 8.8329ms
::1 -- [02 Jul 23 10:10 MSK] GET /favicon.ico 401 0s
::1 -- [02 Jul 23 10:10 MSK] GET /favicon.ico 404 0s
::1 -- [02 Jul 23 10:10 MSK] POST /api/videos 200 0s
127.0.0.1 -- [02 Jul 23 10:11 MSK] GET /view/videos 200 2.1729ms
127.0.0.1 -- [02 Jul 23 10:11 MSK] GET /view/videos 200 1.9953ms
::1 -- [02 Jul 23 10:11 MSK] GET /view/videos 200 2.1462ms
::1 -- [02 Jul 23 10:11 MSK] GET /view/videos 200 2.9256ms
::1 -- [02 Jul 23 10:11 MSK] GET /view/videos 200 2.4603ms
